TN:
SF:/Users/ryota/works/memory/crates/memory-api/src/client.rs
FN:20,<impl Default for ClientConfig>::default
FN:40,MemoryClient::new
FN:45,MemoryClient::with_config
FN:55,MemoryClient::config
FN:60,MemoryClient::is_storage_enabled
FN:65,MemoryClient::is_index_enabled
FN:71,<impl Default for MemoryClient>::default
FN:78,<impl MemoryApi for MemoryClient>::add
FN:95,<impl MemoryApi for MemoryClient>::get
FN:111,<impl MemoryApi for MemoryClient>::update
FN:132,<impl MemoryApi for MemoryClient>::delete
FN:166,<impl MemoryApi for MemoryClient>::list
FN:204,<impl MemoryApi for MemoryClient>::batch_add
FN:227,<impl MemoryApi for MemoryClient>::batch_delete
FN:253,<impl SearchApi for MemoryClient>::search
FN:301,<impl SearchApi for MemoryClient>::vector_search
FN:353,<impl SearchApi for MemoryClient>::hybrid_search
FN:388,<impl WorkspaceApi for MemoryClient>::create
FN:398,<impl WorkspaceApi for MemoryClient>::get
FN:408,<impl WorkspaceApi for MemoryClient>::update
FN:423,<impl WorkspaceApi for MemoryClient>::delete
FN:440,<impl WorkspaceApi for MemoryClient>::list
FN:447,<impl WorkspaceApi for MemoryClient>::stats
FN:487,cosine_similarity
FNF:24
FNDA:51,<impl Default for ClientConfig>::default
FNDA:50,MemoryClient::new
FNDA:60,MemoryClient::with_config
FNDA:1,MemoryClient::config
FNDA:1345,MemoryClient::is_storage_enabled
FNDA:16,MemoryClient::is_index_enabled
FNDA:1,<impl Default for MemoryClient>::default
FNDA:167,<impl MemoryApi for MemoryClient>::add
FNDA:834,<impl MemoryApi for MemoryClient>::get
FNDA:303,<impl MemoryApi for MemoryClient>::update
FNDA:3,<impl MemoryApi for MemoryClient>::delete
FNDA:2728,<impl MemoryApi for MemoryClient>::list
FNDA:8,<impl MemoryApi for MemoryClient>::batch_add
FNDA:4,<impl MemoryApi for MemoryClient>::batch_delete
FNDA:7,<impl SearchApi for MemoryClient>::search
FNDA:6,<impl SearchApi for MemoryClient>::vector_search
FNDA:2,<impl SearchApi for MemoryClient>::hybrid_search
FNDA:27,<impl WorkspaceApi for MemoryClient>::create
FNDA:10,<impl WorkspaceApi for MemoryClient>::get
FNDA:2,<impl WorkspaceApi for MemoryClient>::update
FNDA:3,<impl WorkspaceApi for MemoryClient>::delete
FNDA:3,<impl WorkspaceApi for MemoryClient>::list
FNDA:6,<impl WorkspaceApi for MemoryClient>::stats
FNDA:8,cosine_similarity
DA:20,51
DA:40,50
DA:41,100
DA:45,60
DA:46,60
DA:49,240
DA:50,120
DA:55,1
DA:56,1
DA:60,1345
DA:61,1345
DA:65,16
DA:66,16
DA:71,1
DA:72,1
DA:78,167
DA:95,834
DA:108,4
DA:111,303
DA:132,3
DA:166,2728
DA:167,1363
DA:168,1365
DA:169,2
DA:171,1361
DA:174,1362
DA:175,1364
DA:176,10
DA:178,1360
DA:184,1802
DA:186,901
DA:192,892
DA:193,892
DA:194,892
DA:195,892
DA:196,3568
DA:197,892
DA:204,8
DA:227,4
DA:253,7
DA:273,298
DA:274,298
DA:275,596
DA:276,596
DA:301,6
DA:302,3
DA:303,11
DA:304,8
DA:305,2
DA:306,6
DA:307,2
DA:308,2
DA:314,0
DA:315,0
DA:316,0
DA:317,0
DA:353,2
DA:360,0
DA:369,1
DA:370,1
DA:371,1
DA:375,0
DA:376,0
DA:377,0
DA:378,0
DA:388,27
DA:398,10
DA:405,2
DA:408,2
DA:423,3
DA:427,2
DA:440,3
DA:447,6
DA:461,1414
DA:487,8
DA:488,38
DA:489,2
DA:492,590
DA:493,578
DA:494,578
DA:496,11
DA:497,1
DA:500,10
LF:83
LH:74
end_of_record
TN:
SF:/Users/ryota/works/memory/crates/memory-api/src/error.rs
FN:32,<impl From for MemoryError>::from
FNF:1
FNDA:7,<impl From for MemoryError>::from
DA:32,7
DA:33,7
DA:34,2
DA:35,2
DA:36,2
DA:37,2
DA:38,2
DA:39,2
DA:40,2
LF:9
LH:9
end_of_record
TN:
SF:/Users/ryota/works/memory/crates/memory-core/src/traits.rs
FN:86,<impl Default for TrainParams>::default
FNF:1
FNDA:10,<impl Default for TrainParams>::default
DA:86,10
DA:92,10
LF:2
LH:2
end_of_record
TN:
SF:/Users/ryota/works/memory/crates/memory-core/src/types.rs
FN:32,MemoryEntry::new
FN:52,MemoryEntry::increment_access
FN:69,MemoryContent::text
FN:73,MemoryContent::code
FN:81,MemoryContent::as_text
FN:116,FileType::from_extension
FN:146,MemoryMetadata::new
FN:155,MemoryMetadata::with_importance
FN:160,MemoryMetadata::with_tags
FN:165,MemoryMetadata::set_custom_field
FN:192,<impl Display for MemoryStatus>::fmt
FN:214,Workspace::new
FN:226,Workspace::with_description
FN:242,<impl Default for WorkspaceConfig>::default
FN:273,<impl Default for SearchQuery>::default
FN:302,BatchResult::new
FN:310,BatchResult::add_success
FN:314,BatchResult::add_failure
FN:321,<impl Default for BatchResult>::default
FNF:19
FNDA:3083,MemoryEntry::new
FNDA:130,MemoryEntry::increment_access
FNDA:5,MemoryContent::text
FNDA:3,MemoryContent::code
FNDA:918,MemoryContent::as_text
FNDA:45,FileType::from_extension
FNDA:3203,MemoryMetadata::new
FNDA:2859,MemoryMetadata::with_importance
FNDA:290,MemoryMetadata::with_tags
FNDA:1,MemoryMetadata::set_custom_field
FNDA:70,<impl Display for MemoryStatus>::fmt
FNDA:31,Workspace::new
FNDA:1,Workspace::with_description
FNDA:32,<impl Default for WorkspaceConfig>::default
FNDA:49,<impl Default for SearchQuery>::default
FNDA:32,BatchResult::new
FNDA:2957,BatchResult::add_success
FNDA:23,BatchResult::add_failure
FNDA:1,<impl Default for BatchResult>::default
DA:32,3083
DA:37,6166
DA:39,6166
DA:52,130
DA:53,130
DA:54,130
DA:69,5
DA:70,5
DA:73,3
DA:74,3
DA:75,9
DA:76,6
DA:77,3
DA:81,918
DA:82,918
DA:83,1832
DA:84,2
DA:116,45
DA:117,45
DA:119,416
DA:120,243
DA:121,23
DA:124,105
DA:126,117
DA:127,9
DA:130,35
DA:131,3
DA:146,3203
DA:149,3203
DA:150,3203
DA:155,2859
DA:156,2859
DA:157,2859
DA:160,290
DA:161,580
DA:162,290
DA:165,1
DA:166,1
DA:167,5
DA:192,70
DA:193,70
DA:194,128
DA:195,6
DA:196,4
DA:197,2
DA:214,31
DA:215,62
DA:217,62
DA:222,31
DA:226,1
DA:227,2
DA:228,1
DA:242,32
DA:273,49
DA:302,32
DA:306,32
DA:310,2957
DA:311,2957
DA:314,23
DA:315,23
DA:316,69
DA:321,1
DA:322,1
LF:63
LH:63
end_of_record
TN:
SF:/Users/ryota/works/memory/crates/memory-index/src/error.rs
FN:55,<impl From for IndexError>::from
FN:61,<impl Serialize for IndexError>::serialize
FNF:2
FNDA:1,<impl From for IndexError>::from
FNDA:1,<impl Serialize for IndexError>::serialize
DA:37,1
DA:38,1
DA:43,1
DA:44,1
DA:49,0
DA:50,0
DA:55,1
DA:56,1
DA:61,1
DA:65,3
LF:10
LH:8
end_of_record
TN:
SF:/Users/ryota/works/memory/crates/memory-index/src/fulltext_index.rs
FN:32,<impl Default for FulltextConfig>::default
FN:65,FulltextIndex::new
FN:99,FulltextIndex::initialize
FN:129,FulltextIndex::is_initialized
FN:134,FulltextIndex::extract_text
FN:152,FulltextIndex::add
FN:216,FulltextIndex::batch_add
FN:280,FulltextIndex::remove
FN:310,FulltextIndex::search
FN:390,FulltextIndex::len
FN:395,FulltextIndex::is_empty
FN:400,FulltextIndex::config
FN:411,FulltextIndexBuilder::new
FN:417,FulltextIndexBuilder::with_max_heap_size
FN:422,FulltextIndexBuilder::with_persist
FN:427,FulltextIndexBuilder::with_index_path
FN:432,FulltextIndexBuilder::build
FN:438,<impl Default for FulltextIndexBuilder>::default
FNF:18
FNDA:16,<impl Default for FulltextConfig>::default
FNDA:15,FulltextIndex::new
FNDA:14,FulltextIndex::initialize
FNDA:1,FulltextIndex::is_initialized
FNDA:31,FulltextIndex::extract_text
FNDA:52,FulltextIndex::add
FNDA:2,FulltextIndex::batch_add
FNDA:2,FulltextIndex::remove
FNDA:5,FulltextIndex::search
FNDA:4,FulltextIndex::len
FNDA:0,FulltextIndex::is_empty
FNDA:1,FulltextIndex::config
FNDA:1,FulltextIndexBuilder::new
FNDA:1,FulltextIndexBuilder::with_max_heap_size
FNDA:1,FulltextIndexBuilder::with_persist
FNDA:1,FulltextIndexBuilder::with_index_path
FNDA:1,FulltextIndexBuilder::build
FNDA:0,<impl Default for FulltextIndexBuilder>::default
DA:32,16
DA:65,15
DA:66,15
DA:69,30
DA:71,75
DA:72,75
DA:73,75
DA:74,75
DA:75,60
DA:76,75
DA:78,45
DA:80,15
DA:81,30
DA:82,30
DA:83,30
DA:84,30
DA:85,30
DA:86,30
DA:87,30
DA:88,30
DA:89,30
DA:90,30
DA:91,30
DA:92,15
DA:93,15
DA:94,15
DA:99,14
DA:100,28
DA:101,0
DA:102,0
DA:103,0
DA:105,0
DA:106,0
DA:110,42
DA:113,28
DA:115,28
DA:118,56
DA:120,28
DA:121,28
DA:122,28
DA:124,14
DA:125,14
DA:129,1
DA:130,2
DA:134,31
DA:135,31
DA:136,93
DA:137,0
DA:138,0
DA:140,0
DA:141,0
DA:143,0
DA:145,0
DA:152,52
DA:154,78
DA:155,0
DA:156,0
DA:160,78
DA:163,52
DA:164,26
DA:165,26
DA:167,62
DA:171,78
DA:172,78
DA:173,78
DA:175,52
DA:176,52
DA:177,52
DA:178,52
DA:179,52
DA:180,52
DA:181,52
DA:185,52
DA:186,26
DA:188,26
DA:190,78
DA:192,130
DA:193,78
DA:194,26
DA:196,26
DA:197,26
DA:199,52
DA:200,52
DA:202,104
DA:203,104
DA:204,26
DA:207,52
DA:208,52
DA:211,26
DA:212,26
DA:216,2
DA:217,2
DA:218,1
DA:220,1
DA:222,3
DA:224,6
DA:226,15
DA:227,0
DA:230,15
DA:231,10
DA:232,5
DA:233,5
DA:235,5
DA:239,10
DA:240,15
DA:241,15
DA:242,10
DA:243,10
DA:244,10
DA:245,15
DA:248,30
DA:251,3
DA:253,3
DA:254,1
DA:256,1
DA:257,1
DA:259,2
DA:262,13
DA:263,15
DA:264,15
DA:265,25
DA:266,20
DA:267,5
DA:272,2
DA:273,2
DA:276,1
DA:280,2
DA:281,5
DA:283,2
DA:284,1
DA:286,1
DA:288,2
DA:289,3
DA:291,3
DA:294,4
DA:295,3
DA:296,3
DA:297,1
DA:299,1
DA:300,1
DA:302,2
DA:303,1
DA:305,1
DA:306,1
DA:310,5
DA:317,10
DA:318,5
DA:320,5
DA:322,15
DA:326,5
DA:327,5
DA:328,5
DA:329,15
DA:332,20
DA:334,15
DA:335,25
DA:337,15
DA:339,25
DA:340,50
DA:342,20
DA:343,20
DA:344,30
DA:345,10
DA:347,20
DA:348,20
DA:349,30
DA:350,10
DA:351,0
DA:354,30
DA:356,10
DA:359,20
DA:360,10
DA:361,1
DA:366,12
DA:367,6
DA:368,6
DA:369,9
DA:372,18
DA:373,3
DA:374,1
DA:378,24
DA:380,8
DA:382,24
DA:385,5
DA:386,5
DA:390,4
DA:391,4
DA:395,0
DA:396,0
DA:400,1
DA:401,1
DA:411,1
DA:413,1
DA:417,1
DA:418,1
DA:419,1
DA:422,1
DA:423,1
DA:424,1
DA:427,1
DA:428,2
DA:429,1
DA:432,1
DA:433,2
DA:438,0
DA:439,0
LF:206
LH:187
end_of_record
TN:
SF:/Users/ryota/works/memory/crates/memory-index/src/hybrid_index.rs
FN:32,<impl Default for HybridConfig>::default
FN:56,HybridIndex::new
FN:80,HybridIndex::initialize
FN:100,HybridIndex::is_initialized
FN:107,HybridIndex::add
FN:133,HybridIndex::batch_add
FN:141,HybridIndex::remove
FN:165,HybridIndex::batch_remove
FN:173,HybridIndex::search
FN:254,HybridIndex::vector_search
FN:283,HybridIndex::fulltext_search
FN:315,HybridIndex::hybrid_search
FN:382,HybridIndex::len
FN:387,HybridIndex::is_empty
FN:392,HybridIndex::config
FN:398,HybridIndex::memory_cache
FN:409,HybridIndexBuilder::new
FN:415,HybridIndexBuilder::with_vector_config
FN:420,HybridIndexBuilder::with_fulltext_config
FN:425,HybridIndexBuilder::with_metadata_config
FN:430,HybridIndexBuilder::with_vector_weight
FN:435,HybridIndexBuilder::with_fulltext_weight
FN:440,HybridIndexBuilder::with_min_score
FN:445,HybridIndexBuilder::build
FN:451,<impl Default for HybridIndexBuilder>::default
FNF:25
FNDA:8,<impl Default for HybridConfig>::default
FNDA:8,HybridIndex::new
FNDA:14,HybridIndex::initialize
FNDA:1,HybridIndex::is_initialized
FNDA:32,HybridIndex::add
FNDA:2,HybridIndex::batch_add
FNDA:0,HybridIndex::remove
FNDA:0,HybridIndex::batch_remove
FNDA:6,HybridIndex::search
FNDA:0,HybridIndex::vector_search
FNDA:0,HybridIndex::fulltext_search
FNDA:1,HybridIndex::hybrid_search
FNDA:2,HybridIndex::len
FNDA:0,HybridIndex::is_empty
FNDA:3,HybridIndex::config
FNDA:0,HybridIndex::memory_cache
FNDA:1,HybridIndexBuilder::new
FNDA:0,HybridIndexBuilder::with_vector_config
FNDA:0,HybridIndexBuilder::with_fulltext_config
FNDA:0,HybridIndexBuilder::with_metadata_config
FNDA:1,HybridIndexBuilder::with_vector_weight
FNDA:1,HybridIndexBuilder::with_fulltext_weight
FNDA:1,HybridIndexBuilder::with_min_score
FNDA:1,HybridIndexBuilder::build
FNDA:0,<impl Default for HybridIndexBuilder>::default
DA:32,8
DA:34,16
DA:35,8
DA:36,8
DA:56,8
DA:57,8
DA:60,16
DA:61,16
DA:63,8
DA:64,0
DA:66,0
DA:75,8
DA:80,14
DA:82,28
DA:83,14
DA:84,14
DA:87,28
DA:88,14
DA:89,14
DA:92,28
DA:93,14
DA:95,7
DA:96,7
DA:100,1
DA:101,2
DA:102,2
DA:103,2
DA:107,32
DA:109,80
DA:112,32
DA:113,2
DA:114,3
DA:119,32
DA:120,48
DA:124,32
DA:125,48
DA:128,16
DA:129,16
DA:133,2
DA:134,6
DA:135,15
DA:137,1
DA:141,0
DA:143,0
DA:146,0
DA:147,0
DA:151,0
DA:152,0
DA:156,0
DA:157,0
DA:160,0
DA:161,0
DA:165,0
DA:166,0
DA:167,0
DA:169,0
DA:173,6
DA:174,6
DA:175,6
DA:176,9
DA:177,9
DA:180,9
DA:183,6
DA:184,4
DA:185,3
DA:186,6
DA:187,1
DA:189,8
DA:190,8
DA:191,10
DA:192,2
DA:198,6
DA:200,4
DA:201,5
DA:203,5
DA:204,6
DA:209,3
DA:210,0
DA:212,0
DA:213,0
DA:218,4
DA:219,3
DA:220,3
DA:221,1
DA:223,3
DA:224,3
DA:230,16
DA:233,15
DA:234,16
DA:235,9
DA:238,6
DA:239,13
DA:240,20
DA:241,15
DA:242,15
DA:243,5
DA:244,5
DA:249,3
DA:250,3
DA:254,0
DA:260,0
DA:261,0
DA:264,0
DA:265,0
DA:266,0
DA:268,0
DA:269,0
DA:270,0
DA:271,0
DA:272,0
DA:273,0
DA:274,0
DA:279,0
DA:283,0
DA:290,0
DA:291,0
DA:294,0
DA:295,0
DA:296,0
DA:298,0
DA:299,0
DA:300,0
DA:302,0
DA:303,0
DA:304,0
DA:305,0
DA:306,0
DA:311,0
DA:315,1
DA:322,3
DA:325,2
DA:326,3
DA:327,4
DA:328,1
DA:330,3
DA:331,2
DA:332,3
DA:333,2
DA:334,1
DA:339,2
DA:340,3
DA:341,5
DA:342,1
DA:344,5
DA:345,4
DA:346,2
DA:347,3
DA:348,2
DA:349,1
DA:354,3
DA:356,2
DA:357,1
DA:358,2
DA:359,1
DA:363,2
DA:364,3
DA:366,2
DA:367,3
DA:368,4
DA:369,3
DA:370,3
DA:371,1
DA:372,1
DA:377,1
DA:378,1
DA:382,2
DA:383,4
DA:387,0
DA:388,0
DA:392,3
DA:393,3
DA:398,0
DA:399,0
DA:409,1
DA:411,1
DA:415,0
DA:416,0
DA:417,0
DA:420,0
DA:421,0
DA:422,0
DA:425,0
DA:426,0
DA:427,0
DA:430,1
DA:431,1
DA:432,1
DA:435,1
DA:436,1
DA:437,1
DA:440,1
DA:441,1
DA:442,1
DA:445,1
DA:446,2
DA:451,0
DA:452,0
LF:197
LH:134
end_of_record
TN:
SF:/Users/ryota/works/memory/crates/memory-index/src/metadata_index.rs
FN:23,<impl Default for MetadataConfig>::default
FN:63,MetadataIndex::new
FN:77,MetadataIndex::add
FN:127,MetadataIndex::batch_add
FN:135,MetadataIndex::remove
FN:164,MetadataIndex::get_by_workspace
FN:172,MetadataIndex::get_by_tags
FN:199,MetadataIndex::get_by_status
FN:226,MetadataIndex::get_by_date_range
FN:250,MetadataIndex::get_by_importance
FN:275,MetadataIndex::get_tags
FN:283,MetadataIndex::get_status_counts
FN:306,MetadataIndex::len
FN:311,MetadataIndex::is_empty
FN:316,MetadataIndex::config
FN:327,MetadataIndexBuilder::new
FN:333,MetadataIndexBuilder::with_max_tags
FN:338,MetadataIndexBuilder::with_index_importance
FN:343,MetadataIndexBuilder::with_index_status
FN:348,MetadataIndexBuilder::build
FN:354,<impl Default for MetadataIndexBuilder>::default
FNF:21
FNDA:16,<impl Default for MetadataConfig>::default
FNDA:15,MetadataIndex::new
FNDA:66,MetadataIndex::add
FNDA:2,MetadataIndex::batch_add
FNDA:2,MetadataIndex::remove
FNDA:2,MetadataIndex::get_by_workspace
FNDA:2,MetadataIndex::get_by_tags
FNDA:2,MetadataIndex::get_by_status
FNDA:1,MetadataIndex::get_by_date_range
FNDA:0,MetadataIndex::get_by_importance
FNDA:2,MetadataIndex::get_tags
FNDA:0,MetadataIndex::get_status_counts
FNDA:4,MetadataIndex::len
FNDA:0,MetadataIndex::is_empty
FNDA:1,MetadataIndex::config
FNDA:1,MetadataIndexBuilder::new
FNDA:1,MetadataIndexBuilder::with_max_tags
FNDA:1,MetadataIndexBuilder::with_index_importance
FNDA:1,MetadataIndexBuilder::with_index_status
FNDA:1,MetadataIndexBuilder::build
FNDA:0,<impl Default for MetadataIndexBuilder>::default
DA:23,16
DA:63,15
DA:64,15
DA:67,30
DA:68,30
DA:69,30
DA:70,15
DA:71,15
DA:77,66
DA:78,66
DA:79,66
DA:82,66
DA:83,66
DA:85,66
DA:88,73
DA:89,60
DA:90,60
DA:92,80
DA:95,60
DA:96,80
DA:98,20
DA:102,99
DA:103,66
DA:104,99
DA:106,66
DA:112,99
DA:113,66
DA:115,33
DA:116,33
DA:119,132
DA:120,33
DA:122,33
DA:123,33
DA:127,2
DA:128,6
DA:129,15
DA:131,1
DA:135,2
DA:136,2
DA:137,1
DA:138,2
DA:139,1
DA:142,4
DA:143,2
DA:147,2
DA:148,4
DA:149,2
DA:154,4
DA:155,2
DA:158,1
DA:159,1
DA:160,1
DA:164,2
DA:165,1
DA:166,2
DA:167,5
DA:172,2
DA:177,6
DA:179,4
DA:180,8
DA:181,8
DA:186,4
DA:187,8
DA:188,4
DA:189,8
DA:190,12
DA:191,4
DA:195,6
DA:199,2
DA:204,6
DA:206,4
DA:207,2
DA:208,4
DA:209,10
DA:213,4
DA:214,6
DA:215,2
DA:216,4
DA:217,6
DA:218,2
DA:222,2
DA:226,1
DA:231,2
DA:233,5
DA:235,6
DA:236,3
DA:237,0
DA:241,6
DA:242,2
DA:246,1
DA:250,0
DA:256,0
DA:258,0
DA:260,0
DA:261,0
DA:262,0
DA:266,0
DA:267,0
DA:271,0
DA:275,2
DA:276,1
DA:277,2
DA:278,5
DA:283,0
DA:284,0
DA:286,0
DA:287,0
DA:289,0
DA:290,0
DA:291,0
DA:292,0
DA:293,0
DA:297,0
DA:298,0
DA:302,0
DA:306,4
DA:307,4
DA:311,0
DA:312,0
DA:316,1
DA:317,1
DA:327,1
DA:329,1
DA:333,1
DA:334,1
DA:335,1
DA:338,1
DA:339,1
DA:340,1
DA:343,1
DA:344,1
DA:345,1
DA:348,1
DA:349,2
DA:354,0
DA:355,0
LF:136
LH:110
end_of_record
TN:
SF:/Users/ryota/works/memory/crates/memory-index/src/vector_index.rs
FN:26,<impl Default for HnswConfig>::default
FN:41,EmbeddingVector::new
FN:45,EmbeddingVector::as_slice
FN:51,<impl MetricPoint for EmbeddingVector>::distance
FN:97,VectorIndex::new
FN:113,VectorIndex::initialize
FN:121,VectorIndex::is_initialized
FN:126,VectorIndex::add
FN:170,VectorIndex::batch_add
FN:178,VectorIndex::remove
FN:193,VectorIndex::search
FN:267,VectorIndex::len
FN:272,VectorIndex::is_empty
FN:277,VectorIndex::config
FN:288,VectorIndexBuilder::new
FN:294,VectorIndexBuilder::with_dimension
FN:299,VectorIndexBuilder::with_m
FN:304,VectorIndexBuilder::with_ef_construction
FN:309,VectorIndexBuilder::with_ef_search
FN:314,VectorIndexBuilder::build
FN:320,<impl Default for VectorIndexBuilder>::default
FNF:21
FNDA:16,<impl Default for HnswConfig>::default
FNDA:16,EmbeddingVector::new
FNDA:0,EmbeddingVector::as_slice
FNDA:56,<impl MetricPoint for EmbeddingVector>::distance
FNDA:15,VectorIndex::new
FNDA:14,VectorIndex::initialize
FNDA:1,VectorIndex::is_initialized
FNDA:28,VectorIndex::add
FNDA:2,VectorIndex::batch_add
FNDA:2,VectorIndex::remove
FNDA:3,VectorIndex::search
FNDA:4,VectorIndex::len
FNDA:0,VectorIndex::is_empty
FNDA:2,VectorIndex::config
FNDA:1,VectorIndexBuilder::new
FNDA:1,VectorIndexBuilder::with_dimension
FNDA:1,VectorIndexBuilder::with_m
FNDA:1,VectorIndexBuilder::with_ef_construction
FNDA:1,VectorIndexBuilder::with_ef_search
FNDA:1,VectorIndexBuilder::build
FNDA:0,<impl Default for VectorIndexBuilder>::default
DA:26,16
DA:41,16
DA:42,16
DA:45,0
DA:46,0
DA:51,56
DA:54,14728
DA:55,14672
DA:56,14672
DA:58,112
DA:59,0
DA:62,168
DA:63,112
DA:66,112
DA:97,15
DA:98,15
DA:105,30
DA:106,15
DA:107,15
DA:113,14
DA:114,28
DA:115,28
DA:116,14
DA:117,14
DA:121,1
DA:122,2
DA:126,28
DA:127,28
DA:128,14
DA:130,14
DA:133,28
DA:134,1
DA:135,2
DA:136,1
DA:140,26
DA:141,26
DA:142,39
DA:145,39
DA:147,52
DA:148,52
DA:150,39
DA:151,65
DA:153,13
DA:155,13
DA:156,13
DA:158,26
DA:160,52
DA:161,52
DA:162,52
DA:163,13
DA:165,13
DA:166,13
DA:170,2
DA:171,6
DA:172,15
DA:174,1
DA:178,2
DA:179,2
DA:180,1
DA:181,2
DA:182,1
DA:184,3
DA:185,3
DA:186,1
DA:188,1
DA:189,1
DA:193,3
DA:200,6
DA:201,0
DA:202,0
DA:203,0
DA:207,6
DA:208,3
DA:210,3
DA:212,9
DA:213,9
DA:216,9
DA:217,9
DA:218,9
DA:220,12
DA:221,6
DA:222,9
DA:223,6
DA:225,18
DA:227,3
DA:228,3
DA:229,6
DA:230,33
DA:231,15
DA:232,3
DA:234,3
DA:235,3
DA:237,9
DA:239,9
DA:240,24
DA:241,24
DA:244,12
DA:245,6
DA:246,1
DA:252,10
DA:254,5
DA:255,10
DA:256,5
DA:257,5
DA:262,3
DA:263,3
DA:267,4
DA:268,4
DA:272,0
DA:273,0
DA:277,2
DA:278,2
DA:288,1
DA:290,1
DA:294,1
DA:295,1
DA:296,1
DA:299,1
DA:300,1
DA:301,1
DA:304,1
DA:305,1
DA:306,1
DA:309,1
DA:310,1
DA:311,1
DA:314,1
DA:315,2
DA:320,0
DA:321,0
LF:130
LH:120
end_of_record
TN:
SF:/Users/ryota/works/memory/crates/memory-lifecycle/src/error.rs
FN:29,<impl From for MemoryError>::from
FNF:1
FNDA:13,<impl From for MemoryError>::from
DA:29,13
DA:30,13
DA:31,3
DA:32,3
DA:34,2
DA:35,2
DA:37,2
DA:38,2
DA:40,4
DA:41,4
DA:42,2
DA:44,4
LF:12
LH:12
end_of_record
TN:
SF:/Users/ryota/works/memory/crates/memory-lifecycle/src/lib.rs
FN:42,LifecycleManager::new
FN:55,LifecycleManager::with_default_policy
FN:64,LifecycleManager::get_candidates_for_status
FN:72,LifecycleManager::get_candidates_for_status_impl
FN:99,LifecycleManager::apply_policy_transition
FN:119,LifecycleManager::is_valid_transition
FN:143,<impl CoreLifecycleApi for LifecycleManager>::transition
FNF:7
FNDA:7,LifecycleManager::new
FNDA:1,LifecycleManager::with_default_policy
FNDA:4,LifecycleManager::get_candidates_for_status
FNDA:4,LifecycleManager::get_candidates_for_status_impl
FNDA:2,LifecycleManager::apply_policy_transition
FNDA:13,LifecycleManager::is_valid_transition
FNDA:8,<impl CoreLifecycleApi for LifecycleManager>::transition
DA:42,7
DA:55,1
DA:59,1
DA:64,4
DA:68,12
DA:72,4
DA:80,4
DA:86,12
DA:87,8
DA:89,6
DA:90,6
DA:91,4
DA:95,4
DA:99,2
DA:100,3
DA:102,3
DA:104,2
DA:105,0
DA:106,0
DA:107,0
DA:112,2
DA:115,1
DA:119,13
DA:120,26
DA:122,5
DA:124,1
DA:125,0
DA:127,1
DA:128,0
DA:129,0
DA:131,0
DA:133,6
DA:135,6
DA:143,8
DA:171,1
DA:201,1
LF:36
LH:29
end_of_record
TN:
SF:/Users/ryota/works/memory/crates/memory-lifecycle/src/policy/default_policy.rs
FN:14,DefaultTransitionPolicy::new
FN:20,DefaultTransitionPolicy::with_config
FN:26,<impl Default for DefaultTransitionPolicy>::default
FN:32,<impl TransitionPolicy for DefaultTransitionPolicy>::get_next_status
FN:36,<impl TransitionPolicy for DefaultTransitionPolicy>::should_transition
FN:40,<impl TransitionPolicy for DefaultTransitionPolicy>::config
FNF:6
FNDA:23,DefaultTransitionPolicy::new
FNDA:1,DefaultTransitionPolicy::with_config
FNDA:0,<impl Default for DefaultTransitionPolicy>::default
FNDA:9,<impl TransitionPolicy for DefaultTransitionPolicy>::get_next_status
FNDA:11,<impl TransitionPolicy for DefaultTransitionPolicy>::should_transition
FNDA:0,<impl TransitionPolicy for DefaultTransitionPolicy>::config
DA:14,23
DA:16,23
DA:20,1
DA:26,0
DA:27,0
DA:32,9
DA:33,27
DA:36,11
DA:37,33
DA:40,0
DA:41,0
LF:11
LH:7
end_of_record
TN:
SF:/Users/ryota/works/memory/crates/memory-lifecycle/src/policy/transition_policy.rs
FN:24,<impl Default for PolicyConfig>::default
FN:50,PolicyConfig::active_threshold
FN:55,PolicyConfig::cold_threshold
FN:60,PolicyConfig::access_count_threshold
FN:65,PolicyConfig::has_recent_access
FN:74,PolicyConfig::has_sufficient_access
FN:79,PolicyConfig::has_been_in_status_long_enough
FN:85,PolicyConfig::has_sufficient_importance
FN:90,PolicyConfig::get_next_status
FN:127,PolicyConfig::should_transition
FNF:10
FNDA:31,<impl Default for PolicyConfig>::default
FNDA:1,PolicyConfig::active_threshold
FNDA:0,PolicyConfig::cold_threshold
FNDA:19,PolicyConfig::access_count_threshold
FNDA:19,PolicyConfig::has_recent_access
FNDA:8,PolicyConfig::has_sufficient_access
FNDA:11,PolicyConfig::has_been_in_status_long_enough
FNDA:6,PolicyConfig::has_sufficient_importance
FNDA:26,PolicyConfig::get_next_status
FNDA:13,PolicyConfig::should_transition
DA:24,31
DA:50,1
DA:51,2
DA:55,0
DA:56,0
DA:60,19
DA:61,38
DA:65,19
DA:66,57
DA:67,19
DA:68,19
DA:69,51
DA:74,8
DA:75,8
DA:79,11
DA:80,33
DA:81,11
DA:85,6
DA:86,6
DA:90,26
DA:91,26
DA:94,38
DA:95,8
DA:97,3
DA:102,20
DA:103,3
DA:105,2
DA:110,16
DA:111,24
DA:112,12
DA:114,3
DA:116,5
DA:121,2
DA:127,13
DA:128,39
LF:35
LH:33
end_of_record
TN:
SF:/Users/ryota/works/memory/crates/memory-lifecycle/src/scheduler/lifecycle_scheduler.rs
FN:33,LifecycleScheduler::new
FN:43,LifecycleScheduler::with_interval
FN:48,LifecycleScheduler::with_batch_size
FN:53,LifecycleScheduler::state
FN:58,LifecycleScheduler::start
FN:99,LifecycleScheduler::stop
FN:111,LifecycleScheduler::pause
FN:123,LifecycleScheduler::resume
FN:135,LifecycleScheduler::run_cycle
FN:154,LifecycleScheduler::trigger_cycle
FNF:10
FNDA:7,LifecycleScheduler::new
FNDA:3,LifecycleScheduler::with_interval
FNDA:0,LifecycleScheduler::with_batch_size
FNDA:10,LifecycleScheduler::state
FNDA:10,LifecycleScheduler::start
FNDA:10,LifecycleScheduler::stop
FNDA:2,LifecycleScheduler::pause
FNDA:2,LifecycleScheduler::resume
FNDA:2,LifecycleScheduler::run_cycle
FNDA:4,LifecycleScheduler::trigger_cycle
DA:33,7
DA:37,21
DA:38,7
DA:43,3
DA:44,3
DA:45,3
DA:48,0
DA:49,0
DA:50,0
DA:53,10
DA:54,15
DA:58,10
DA:59,10
DA:60,5
DA:61,1
DA:62,1
DA:65,4
DA:66,8
DA:68,12
DA:69,8
DA:70,12
DA:72,4
DA:73,0
DA:76,0
DA:78,0
DA:79,0
DA:80,0
DA:83,0
DA:84,0
DA:88,0
DA:91,4
DA:95,4
DA:99,10
DA:100,10
DA:101,5
DA:102,1
DA:103,1
DA:106,4
DA:107,4
DA:111,2
DA:112,2
DA:113,1
DA:114,0
DA:115,0
DA:118,1
DA:119,1
DA:123,2
DA:124,2
DA:125,1
DA:126,0
DA:127,0
DA:130,1
DA:131,1
DA:135,2
DA:136,1
DA:139,2
DA:141,1
DA:142,1
DA:144,1
DA:150,1
DA:154,4
DA:155,6
DA:156,1
DA:157,1
DA:161,2
LF:65
LH:50
end_of_record
TN:
SF:/Users/ryota/works/memory/crates/memory-storage/src/cold/mod.rs
FN:33,ColdStorage::new
FN:38,ColdStorage::initialize
FN:50,ColdStorage::create_tables
FN:80,ColdStorage::memory_to_row
FN:106,ColdStorage::parse_row
FN:169,<impl MemoryApi for ColdStorage>::add
FN:201,<impl MemoryApi for ColdStorage>::get
FN:247,<impl MemoryApi for ColdStorage>::update
FN:253,<impl MemoryApi for ColdStorage>::delete
FN:279,<impl MemoryApi for ColdStorage>::list
FN:380,<impl MemoryApi for ColdStorage>::batch_add
FN:429,<impl MemoryApi for ColdStorage>::batch_delete
FNF:12
FNDA:56,ColdStorage::new
FNDA:90,ColdStorage::initialize
FNDA:45,ColdStorage::create_tables
FNDA:54,ColdStorage::memory_to_row
FNDA:45,ColdStorage::parse_row
FNDA:43,<impl MemoryApi for ColdStorage>::add
FNDA:38,<impl MemoryApi for ColdStorage>::get
FNDA:2,<impl MemoryApi for ColdStorage>::update
FNDA:9,<impl MemoryApi for ColdStorage>::delete
FNDA:17,<impl MemoryApi for ColdStorage>::list
FNDA:2,<impl MemoryApi for ColdStorage>::batch_add
FNDA:1,<impl MemoryApi for ColdStorage>::batch_delete
DA:33,56
DA:38,90
DA:39,135
DA:41,90
DA:42,135
DA:43,90
DA:44,45
DA:46,45
DA:47,45
DA:50,45
DA:51,90
DA:76,45
DA:80,54
DA:81,162
DA:82,162
DA:83,108
DA:84,54
DA:86,54
DA:88,162
DA:91,108
DA:92,108
DA:93,54
DA:94,54
DA:95,54
DA:96,54
DA:97,108
DA:98,108
DA:99,54
DA:100,118
DA:106,45
DA:118,180
DA:119,180
DA:121,90
DA:122,135
DA:123,46
DA:124,57
DA:125,61
DA:126,2
DA:128,0
DA:129,0
DA:130,0
DA:135,90
DA:136,90
DA:138,135
DA:139,180
DA:140,45
DA:142,135
DA:143,180
DA:144,45
DA:146,90
DA:147,72
DA:148,72
DA:151,90
DA:152,45
DA:153,90
DA:154,45
DA:155,45
DA:156,45
DA:157,45
DA:158,45
DA:159,45
DA:160,45
DA:161,45
DA:162,45
DA:169,43
DA:173,43
DA:174,129
DA:175,86
DA:176,43
DA:177,43
DA:178,43
DA:179,43
DA:180,43
DA:181,43
DA:182,43
DA:183,43
DA:184,43
DA:185,43
DA:186,43
DA:187,43
DA:188,43
DA:192,43
DA:195,0
DA:196,0
DA:201,38
DA:205,38
DA:206,114
DA:208,105
DA:209,38
DA:210,38
DA:211,29
DA:213,58
DA:214,58
DA:215,58
DA:216,58
DA:217,58
DA:218,58
DA:219,58
DA:220,58
DA:221,58
DA:222,58
DA:227,58
DA:228,29
DA:229,29
DA:230,29
DA:231,29
DA:232,29
DA:233,29
DA:234,29
DA:235,29
DA:236,29
DA:237,29
DA:240,29
DA:243,0
DA:244,18
DA:247,2
DA:253,9
DA:257,9
DA:258,27
DA:259,45
DA:261,9
DA:262,1
DA:264,8
DA:267,0
DA:268,2
DA:279,17
DA:280,51
DA:283,51
DA:284,4
DA:286,13
DA:288,51
DA:289,26
DA:291,4
DA:294,33
DA:295,48
DA:296,48
DA:297,48
DA:300,51
DA:302,34
DA:303,34
DA:306,17
DA:307,0
DA:310,68
DA:312,143
DA:314,118
DA:316,32
DA:317,32
DA:318,32
DA:319,32
DA:320,32
DA:321,32
DA:322,32
DA:323,32
DA:324,32
DA:325,32
DA:328,49
DA:329,17
DA:331,34
DA:332,17
DA:333,33
DA:334,16
DA:335,16
DA:336,16
DA:337,16
DA:338,16
DA:339,16
DA:340,16
DA:341,16
DA:342,16
DA:343,16
DA:345,49
DA:347,33
DA:348,16
DA:349,0
DA:350,0
DA:352,0
DA:354,16
DA:358,33
DA:359,16
DA:360,0
DA:361,0
DA:363,16
DA:366,17
DA:367,16
DA:369,16
DA:371,17
DA:373,17
DA:376,0
DA:377,0
DA:380,2
DA:384,2
DA:385,6
DA:386,4
DA:389,6
DA:391,13
DA:392,11
DA:393,11
DA:394,44
DA:395,11
DA:396,11
DA:397,11
DA:398,11
DA:399,11
DA:400,11
DA:401,11
DA:402,11
DA:403,11
DA:404,11
DA:405,11
DA:406,11
DA:407,11
DA:408,11
DA:412,11
DA:413,22
DA:414,0
DA:417,0
DA:421,4
DA:422,2
DA:425,0
DA:426,0
DA:429,1
DA:432,1
DA:433,3
DA:434,2
DA:436,3
DA:438,6
DA:439,15
DA:440,15
DA:441,5
DA:442,5
DA:443,0
DA:445,10
DA:448,0
DA:452,2
DA:453,1
DA:456,0
DA:457,0
LF:237
LH:214
end_of_record
TN:
SF:/Users/ryota/works/memory/crates/memory-storage/src/error.rs
FN:35,<impl From for MemoryError>::from
FNF:1
FNDA:21,<impl From for MemoryError>::from
DA:35,21
DA:36,21
DA:37,4
DA:38,4
DA:39,4
DA:40,6
DA:41,4
DA:42,12
DA:43,4
DA:44,4
LF:10
LH:10
end_of_record
TN:
SF:/Users/ryota/works/memory/crates/memory-storage/src/hot/mod.rs
FN:22,HotStorage::new
FN:29,HotStorage::with_capacity
FN:37,HotStorage::contains
FN:42,HotStorage::len
FN:47,HotStorage::is_empty
FN:52,HotStorage::ids
FN:57,HotStorage::evict_if_needed
FN:74,HotStorage::load_batch
FN:84,HotStorage::remove
FN:90,<impl Default for HotStorage>::default
FN:97,<impl MemoryApi for HotStorage>::add
FN:111,<impl MemoryApi for HotStorage>::get
FN:122,<impl MemoryApi for HotStorage>::update
FN:141,<impl MemoryApi for HotStorage>::delete
FN:158,<impl MemoryApi for HotStorage>::list
FN:206,<impl MemoryApi for HotStorage>::batch_add
FN:232,<impl MemoryApi for HotStorage>::batch_delete
FNF:17
FNDA:64,HotStorage::new
FNDA:1,HotStorage::with_capacity
FNDA:54,HotStorage::contains
FNDA:10,HotStorage::len
FNDA:2,HotStorage::is_empty
FNDA:2,HotStorage::ids
FNDA:388,HotStorage::evict_if_needed
FNDA:2,HotStorage::load_batch
FNDA:18,HotStorage::remove
FNDA:0,<impl Default for HotStorage>::default
FNDA:184,<impl MemoryApi for HotStorage>::add
FNDA:130,<impl MemoryApi for HotStorage>::get
FNDA:0,<impl MemoryApi for HotStorage>::update
FNDA:1,<impl MemoryApi for HotStorage>::delete
FNDA:108,<impl MemoryApi for HotStorage>::list
FNDA:2,<impl MemoryApi for HotStorage>::batch_add
FNDA:1,<impl MemoryApi for HotStorage>::batch_delete
DA:22,64
DA:24,128
DA:29,1
DA:31,3
DA:37,54
DA:38,135
DA:42,10
DA:43,20
DA:47,2
DA:48,4
DA:52,2
DA:53,6
DA:57,388
DA:58,582
DA:59,196
DA:61,4
DA:63,20
DA:65,6
DA:66,4
DA:68,0
DA:74,2
DA:75,3
DA:76,6
DA:77,10
DA:78,15
DA:84,18
DA:85,45
DA:90,0
DA:91,0
DA:97,184
DA:111,130
DA:122,0
DA:141,1
DA:158,108
DA:159,32
DA:161,54
DA:162,22
DA:164,10
DA:167,32
DA:169,35
DA:170,15
DA:172,29
DA:175,31
DA:177,35
DA:178,20
DA:179,12
DA:181,27
DA:185,58
DA:187,29
DA:192,87
DA:206,2
DA:232,1
LF:52
LH:48
end_of_record
TN:
SF:/Users/ryota/works/memory/crates/memory-storage/src/lib.rs
FN:41,UnifiedStorage::new
FN:54,UnifiedStorage::initialize
FN:61,UnifiedStorage::hot
FN:66,UnifiedStorage::cold
FN:71,UnifiedStorage::zombie
FN:76,UnifiedStorage::get_storage_for_status
FN:85,UnifiedStorage::migrate
FN:128,<impl MemoryApi for UnifiedStorage>::add
FN:133,<impl MemoryApi for UnifiedStorage>::get
FN:149,<impl MemoryApi for UnifiedStorage>::update
FN:154,<impl MemoryApi for UnifiedStorage>::delete
FN:234,<impl MemoryApi for UnifiedStorage>::list
FN:246,<impl MemoryApi for UnifiedStorage>::batch_add
FN:286,<impl MemoryApi for UnifiedStorage>::batch_delete
FN:319,<impl LifecycleApi for UnifiedStorage>::transition
FN:371,<impl LifecycleApi for UnifiedStorage>::get_transition_candidates
FN:415,<impl LifecycleApi for UnifiedStorage>::run_transitions
FN:451,<impl LifecycleApi for UnifiedStorage>::archive
FNF:18
FNDA:44,UnifiedStorage::new
FNDA:66,UnifiedStorage::initialize
FNDA:1,UnifiedStorage::hot
FNDA:1,UnifiedStorage::cold
FNDA:1,UnifiedStorage::zombie
FNDA:49,UnifiedStorage::get_storage_for_status
FNDA:11,UnifiedStorage::migrate
FNDA:45,<impl MemoryApi for UnifiedStorage>::add
FNDA:18,<impl MemoryApi for UnifiedStorage>::get
FNDA:1,<impl MemoryApi for UnifiedStorage>::update
FNDA:1,<impl MemoryApi for UnifiedStorage>::delete
FNDA:24,<impl MemoryApi for UnifiedStorage>::list
FNDA:1,<impl MemoryApi for UnifiedStorage>::batch_add
FNDA:1,<impl MemoryApi for UnifiedStorage>::batch_delete
FNDA:6,<impl LifecycleApi for UnifiedStorage>::transition
FNDA:0,<impl LifecycleApi for UnifiedStorage>::get_transition_candidates
FNDA:2,<impl LifecycleApi for UnifiedStorage>::run_transitions
FNDA:1,<impl LifecycleApi for UnifiedStorage>::archive
DA:41,44
DA:47,176
DA:48,176
DA:49,88
DA:54,66
DA:55,33
DA:56,33
DA:57,33
DA:61,1
DA:62,1
DA:66,1
DA:67,1
DA:71,1
DA:72,1
DA:76,49
DA:77,49
DA:78,35
DA:79,12
DA:80,2
DA:85,11
DA:92,22
DA:93,10
DA:94,12
DA:95,0
DA:99,11
DA:101,10
DA:104,12
DA:107,0
DA:112,22
DA:113,11
DA:114,11
DA:116,11
DA:117,0
DA:118,10
DA:119,12
DA:122,11
DA:128,45
DA:133,18
DA:149,1
DA:154,1
DA:234,24
DA:246,1
DA:286,1
DA:319,6
DA:371,0
DA:399,2
DA:415,2
DA:451,1
LF:48
LH:44
end_of_record
TN:
SF:/Users/ryota/works/memory/crates/memory-storage/src/zombie/mod.rs
FN:33,ZombieStorage::new
FN:41,ZombieStorage::initialize
FN:52,ZombieStorage::memory_path
FN:59,ZombieStorage::write_memory
FN:83,ZombieStorage::read_memory
FN:95,ZombieStorage::delete_memory_file
FN:103,ZombieStorage::rebuild_index
FN:152,ZombieStorage::index_memory
FN:164,ZombieStorage::unindex_memory
FN:179,<impl MemoryApi for ZombieStorage>::add
FN:196,<impl MemoryApi for ZombieStorage>::get
FN:212,<impl MemoryApi for ZombieStorage>::update
FN:234,<impl MemoryApi for ZombieStorage>::delete
FN:287,<impl MemoryApi for ZombieStorage>::list
FN:321,<impl MemoryApi for ZombieStorage>::batch_add
FN:342,<impl MemoryApi for ZombieStorage>::batch_delete
FNF:16
FNDA:60,ZombieStorage::new
FNDA:98,ZombieStorage::initialize
FNDA:81,ZombieStorage::memory_path
FNDA:40,ZombieStorage::write_memory
FNDA:25,ZombieStorage::read_memory
FNDA:5,ZombieStorage::delete_memory_file
FNDA:98,ZombieStorage::rebuild_index
FNDA:78,ZombieStorage::index_memory
FNDA:4,ZombieStorage::unindex_memory
FNDA:28,<impl MemoryApi for ZombieStorage>::add
FNDA:13,<impl MemoryApi for ZombieStorage>::get
FNDA:2,<impl MemoryApi for ZombieStorage>::update
FNDA:4,<impl MemoryApi for ZombieStorage>::delete
FNDA:9,<impl MemoryApi for ZombieStorage>::list
FNDA:3,<impl MemoryApi for ZombieStorage>::batch_add
FNDA:2,<impl MemoryApi for ZombieStorage>::batch_delete
DA:33,60
DA:36,60
DA:41,98
DA:43,98
DA:46,98
DA:48,49
DA:52,81
DA:54,324
DA:55,162
DA:59,40
DA:60,200
DA:63,80
DA:64,80
DA:67,80
DA:71,80
DA:73,120
DA:74,120
DA:75,120
DA:76,120
DA:77,80
DA:79,40
DA:83,25
DA:84,75
DA:85,75
DA:87,50
DA:88,75
DA:90,100
DA:91,25
DA:95,5
DA:96,10
DA:97,6
DA:99,5
DA:103,98
DA:104,147
DA:105,98
DA:106,98
DA:108,49
DA:109,0
DA:113,98
DA:114,0
DA:115,0
DA:117,0
DA:118,0
DA:122,0
DA:123,0
DA:126,0
DA:127,0
DA:130,0
DA:131,0
DA:132,0
DA:133,0
DA:135,0
DA:136,0
DA:137,0
DA:138,0
DA:139,0
DA:141,0
DA:148,49
DA:152,78
DA:153,195
DA:154,117
DA:155,156
DA:156,78
DA:157,78
DA:158,78
DA:160,78
DA:164,4
DA:165,6
DA:167,8
DA:168,4
DA:171,6
DA:172,8
DA:179,28
DA:188,0
DA:196,13
DA:203,8
DA:209,0
DA:212,2
DA:229,0
DA:234,4
DA:242,6
DA:247,0
DA:253,0
DA:287,9
DA:309,60
DA:321,3
DA:342,2
LF:87
LH:63
end_of_record
TN:
SF:/Users/ryota/works/memory/crates/memory-train/src/data_preparer/mod.rs
FN:16,<impl Default for DataPreparer>::default
FN:23,DataPreparer::new
FN:33,DataPreparer::with_min_text_length
FN:39,DataPreparer::with_include_code
FN:45,DataPreparer::with_include_files
FN:51,DataPreparer::with_extract_labels
FN:57,DataPreparer::prepare
FN:100,DataPreparer::extract_text
FN:135,DataPreparer::create_search_query
FNF:9
FNDA:0,<impl Default for DataPreparer>::default
FNDA:22,DataPreparer::new
FNDA:1,DataPreparer::with_min_text_length
FNDA:1,DataPreparer::with_include_code
FNDA:0,DataPreparer::with_include_files
FNDA:1,DataPreparer::with_extract_labels
FNDA:8,DataPreparer::prepare
FNDA:27,DataPreparer::extract_text
FNDA:1,DataPreparer::create_search_query
DA:16,0
DA:17,0
DA:23,22
DA:33,1
DA:34,1
DA:35,1
DA:39,1
DA:40,1
DA:41,1
DA:45,0
DA:46,0
DA:47,0
DA:51,1
DA:52,1
DA:53,1
DA:57,8
DA:58,16
DA:59,16
DA:60,7
DA:62,1
DA:65,35
DA:67,81
DA:68,54
DA:69,78
DA:72,26
DA:73,50
DA:75,27
DA:76,8
DA:78,69
DA:86,16
DA:87,2
DA:88,2
DA:92,6
DA:93,12
DA:94,6
DA:95,6
DA:100,27
DA:101,27
DA:102,52
DA:103,1
DA:104,1
DA:105,1
DA:107,0
DA:110,0
DA:111,0
DA:112,0
DA:114,0
DA:117,0
DA:118,0
DA:119,0
DA:120,0
DA:121,0
DA:122,0
DA:125,0
DA:126,0
DA:128,0
DA:135,1
DA:139,2
DA:140,1
LF:59
LH:40
end_of_record
TN:
SF:/Users/ryota/works/memory/crates/memory-train/src/lib.rs
FN:71,TrainService::new
FN:90,TrainService::with_preparer
FN:104,TrainService::generate_simple_embeddings
FN:134,TrainService::simple_hash
FN:160,<impl TrainApi for TrainService>::prepare_data
FN:177,<impl TrainApi for TrainService>::train
FN:181,<impl TrainApi for TrainService>::list_models
FN:189,<impl TrainApi for TrainService>::load_model
FN:197,<impl TrainApi for TrainService>::generate_embeddings
FN:208,TrainService::fetch_memories_for_workspace
FNF:10
FNDA:13,TrainService::new
FNDA:1,TrainService::with_preparer
FNDA:2,TrainService::generate_simple_embeddings
FNDA:8,TrainService::simple_hash
FNDA:0,<impl TrainApi for TrainService>::prepare_data
FNDA:4,<impl TrainApi for TrainService>::train
FNDA:3,<impl TrainApi for TrainService>::list_models
FNDA:3,<impl TrainApi for TrainService>::load_model
FNDA:1,<impl TrainApi for TrainService>::generate_embeddings
FNDA:1,TrainService::fetch_memories_for_workspace
DA:71,13
DA:75,39
DA:76,26
DA:78,13
DA:79,13
DA:81,13
DA:82,26
DA:83,26
DA:84,13
DA:85,13
DA:90,1
DA:95,4
DA:96,1
DA:97,1
DA:104,2
DA:108,2
DA:110,7
DA:113,20
DA:116,5
DA:117,645
DA:120,1280
DA:121,1280
DA:122,640
DA:123,302
DA:125,338
DA:128,5
DA:134,8
DA:135,24
DA:136,252
DA:137,380
DA:138,76
DA:141,8
DA:142,0
DA:144,8
DA:160,0
DA:165,2
DA:177,4
DA:181,3
DA:185,0
DA:189,3
DA:193,4
DA:197,1
DA:208,1
DA:216,2
DA:227,2
DA:229,1
DA:231,1
LF:47
LH:44
end_of_record
TN:
SF:/Users/ryota/works/memory/crates/memory-train/src/model_manager/mod.rs
FN:21,ModelManager::new
FN:29,ModelManager::initialize
FN:45,ModelManager::refresh_cache
FN:70,ModelManager::load_model_metadata
FN:128,ModelManager::save_model
FN:181,ModelManager::list_models
FN:190,ModelManager::load_model
FN:217,ModelManager::get_model
FN:228,ModelManager::delete_model
FN:249,ModelManager::models_dir
FNF:10
FNDA:27,ModelManager::new
FNDA:46,ModelManager::initialize
FNDA:66,ModelManager::refresh_cache
FNDA:18,ModelManager::load_model_metadata
FNDA:6,ModelManager::save_model
FNDA:18,ModelManager::list_models
FNDA:10,ModelManager::load_model
FNDA:2,ModelManager::get_model
FNDA:4,ModelManager::delete_model
FNDA:1,ModelManager::models_dir
DA:21,27
DA:24,54
DA:29,46
DA:31,46
DA:34,46
DA:36,23
DA:38,0
DA:41,23
DA:45,66
DA:46,66
DA:48,33
DA:49,0
DA:52,74
DA:53,16
DA:54,24
DA:56,40
DA:57,40
DA:58,16
DA:63,66
DA:64,66
DA:66,33
DA:70,18
DA:71,27
DA:74,14
DA:75,10
DA:77,15
DA:78,20
DA:79,5
DA:81,10
DA:83,11
DA:84,11
DA:85,9
DA:87,10
DA:88,5
DA:89,15
DA:90,15
DA:91,5
DA:93,6
DA:94,4
DA:95,4
DA:98,10
DA:100,11
DA:101,14
DA:102,14
DA:103,5
DA:105,5
DA:106,10
DA:107,10
DA:108,10
DA:109,10
DA:110,5
DA:115,8
DA:116,32
DA:118,4
DA:119,8
DA:120,12
DA:121,8
DA:122,8
DA:123,4
DA:128,6
DA:136,12
DA:139,12
DA:140,4
DA:141,1
DA:142,1
DA:145,12
DA:146,18
DA:149,12
DA:150,18
DA:151,6
DA:152,6
DA:153,18
DA:157,18
DA:158,12
DA:159,18
DA:161,18
DA:168,6
DA:172,12
DA:173,18
DA:175,6
DA:177,6
DA:181,18
DA:183,18
DA:185,18
DA:186,9
DA:190,10
DA:191,10
DA:193,7
DA:195,9
DA:196,14
DA:199,4
DA:200,2
DA:201,0
DA:202,0
DA:203,0
DA:208,2
DA:210,2
DA:211,4
DA:212,2
DA:217,2
DA:218,2
DA:220,1
DA:222,1
DA:224,3
DA:228,4
DA:229,4
DA:231,3
DA:233,4
DA:234,5
DA:236,3
DA:239,1
DA:240,2
DA:243,1
DA:245,1
DA:249,1
DA:250,1
LF:116
LH:111
end_of_record
TN:
SF:/Users/ryota/works/memory/crates/memory-train/src/trainer/mod.rs
FN:28,Trainer::new
FN:35,Trainer::with_device
FN:45,Trainer::train
FN:108,Trainer::validate_params
FN:131,Trainer::simulate_training
FN:162,Trainer::create_model_file
FN:193,<impl Default for Trainer>::default
FNF:7
FNDA:22,Trainer::new
FNDA:0,Trainer::with_device
FNDA:15,Trainer::train
FNDA:11,Trainer::validate_params
FNDA:8,Trainer::simulate_training
FNDA:8,Trainer::create_model_file
FNDA:1,<impl Default for Trainer>::default
DA:28,22
DA:35,0
DA:45,15
DA:51,30
DA:52,1
DA:53,1
DA:57,28
DA:58,12
DA:59,2
DA:60,0
DA:63,28
DA:64,6
DA:65,3
DA:66,3
DA:67,3
DA:72,36
DA:75,16
DA:78,40
DA:81,16
DA:82,16
DA:83,7
DA:84,1
DA:85,0
DA:87,16
DA:88,24
DA:91,40
DA:93,8
DA:96,0
DA:100,8
DA:101,16
DA:102,8
DA:103,8
DA:108,11
DA:109,11
DA:110,1
DA:111,1
DA:115,10
DA:116,1
DA:117,1
DA:121,9
DA:122,1
DA:123,1
DA:127,8
DA:131,8
DA:137,16
DA:140,16
DA:141,16
DA:144,16
DA:145,7
DA:147,1
DA:152,25
DA:154,8
DA:155,16
DA:156,8
DA:157,8
DA:162,8
DA:169,16
DA:170,7
DA:171,1
DA:172,0
DA:175,16
DA:176,24
DA:177,8
DA:178,8
DA:179,8
DA:180,8
DA:181,8
DA:182,8
DA:183,24
DA:186,32
DA:188,8
DA:193,1
DA:194,1
LF:73
LH:68
end_of_record
